<?xml version="1.0" encoding="UTF-8"?>
<!-- Generated by org.testng.reporters.JUnitXMLReporter -->
<testsuite ignored="0" hostname="LENOVO" failures="0" tests="3" name="Test" time="125.326" errors="0" timestamp="2023-07-19T17:54:34 IST">
  <testcase classname="testEtoile.Etoileacctest" name="testcreateaccnt" time="17.597"/>
  <testcase classname="testEtoile.Etoilelogintest" name="testsignin" time="10.6"/>
  <testcase classname="testEtoile.Etoileitemtest" name="testshop" time="22.764"/>
</testsuite> <!-- Test -->
